{
  "E:\\JavaScript\\Project\\Airline Booking System\\JEST\\services\\calculation-service.js": {
    "path": "E:\\JavaScript\\Project\\Airline Booking System\\JEST\\services\\calculation-service.js",
    "statementMap": {
      "0": {
        "start": { "line": 1, "column": 20 },
        "end": { "line": 4, "column": 1 }
      },
      "1": {
        "start": { "line": 2, "column": 21 },
        "end": { "line": 2, "column": 28 }
      },
      "2": {
        "start": { "line": 3, "column": 5 },
        "end": { "line": 3, "column": 40 }
      },
      "3": {
        "start": { "line": 6, "column": 23 },
        "end": { "line": 13, "column": 1 }
      },
      "4": {
        "start": { "line": 7, "column": 5 },
        "end": { "line": 12, "column": 6 }
      },
      "5": {
        "start": { "line": 8, "column": 10 },
        "end": { "line": 8, "column": 26 }
      },
      "6": {
        "start": { "line": 11, "column": 10 },
        "end": { "line": 11, "column": 26 }
      }
    },
    "fnMap": {
      "0": {
        "name": "(anonymous_0)",
        "decl": {
          "start": { "line": 1, "column": 20 },
          "end": { "line": 1, "column": 21 }
        },
        "loc": {
          "start": { "line": 1, "column": 27 },
          "end": { "line": 4, "column": 1 }
        },
        "line": 1
      },
      "1": {
        "name": "(anonymous_1)",
        "decl": {
          "start": { "line": 6, "column": 23 },
          "end": { "line": 6, "column": 24 }
        },
        "loc": {
          "start": { "line": 6, "column": 28 },
          "end": { "line": 13, "column": 1 }
        },
        "line": 6
      }
    },
    "branchMap": {
      "0": {
        "loc": {
          "start": { "line": 3, "column": 12 },
          "end": { "line": 3, "column": 39 }
        },
        "type": "cond-expr",
        "locations": [
          {
            "start": { "line": 3, "column": 27 },
            "end": { "line": 3, "column": 31 }
          },
          {
            "start": { "line": 3, "column": 34 },
            "end": { "line": 3, "column": 39 }
          }
        ],
        "line": 3
      },
      "1": {
        "loc": {
          "start": { "line": 7, "column": 5 },
          "end": { "line": 12, "column": 6 }
        },
        "type": "if",
        "locations": [
          {
            "start": { "line": 7, "column": 5 },
            "end": { "line": 12, "column": 6 }
          },
          {
            "start": { "line": 10, "column": 9 },
            "end": { "line": 12, "column": 6 }
          }
        ],
        "line": 7
      }
    },
    "s": { "0": 1, "1": 1, "2": 1, "3": 1, "4": 1, "5": 1, "6": 0 },
    "f": { "0": 1, "1": 1 },
    "b": { "0": [1, 0], "1": [1, 0] },
    "_coverageSchema": "1a1c01bbd47fc00a2c39e90264f33305004495a9",
    "hash": "f9ddb5dc9148e25a90f8326a1827ef71fe0f5b2b"
  }
}
